## 환경

- 서버 컨테이너 2개, DB 컨테이너 2개(인덱스 적용 DB, 인덱스 적용 안된 DB)
- 위 구성에서 동일한 데이터를 DB 에 넣은 뒤 어느 정도의 조회 속도 차이가 있는지 확인
- 콘서트 프로젝트 특성상 데이터베이스에서 성능 개선의 여지가 거의 없는 수준으로, 인덱스가 없는 상태에서도 느리다는 느낌을 받지 못했습니다.

### 참고 사항

여러 기능에서 반복적으로 사용되는 쿼리가 있는데 해당 쿼리는 기능별 쿼리 분석에서 분석 내용을 한번만 작성했습니다.
SELECT, UPDATE, DELETE 쿼리만 분석했습니다.

## 모수(데이터 개수)

- 콘서트: 20개
- 콘서트 스케쥴: 2000개
- 좌석: 20,000개
- 유저: 200,000개
- 점유중인 좌석: 20,000개
- 콘서트 좌석: 2,000,000개
- 포인트 내역: 60,000개
- 예약: 400,000개
- 대기열 토큰: 200,000개

## 기능별 쿼리 분석

### 콘서트 예약 가능 날짜 조회

#### ✅ 콘서트 존재 유무 확인

```sql
/*
💡 PK 를 통한 확인으로 클러스터 인덱스가 이미 있기 때문에 별도의 인덱스는 생성할 필요 없을것 같다.
*/
select count(*)
from concerts ce1_0
where ce1_0.id = ?;
```

#### ✅ 콘서트 예약 가능 날짜 조회

```sql
/*
💡이번 프로젝트에서 느릴거라 생각되는 쿼리 중 하나, 인덱스가 필요할것 같다.
*/
SELECT s.id,
       s.concert_id,
       s.date,
       s.created_at,
       s.updated_at
FROM concert_schedules s
WHERE s.concert_id = ?
  AND EXISTS (SELECT 1
              FROM concert_seats cs
              WHERE cs.schedule_id = s.id
                AND cs.status = 'AVAILABLE');
```

#### 🎯 인덱스 적용 전, 후 실행 계획 비교

```text
# 전
-> Nested loop inner join  (cost=3.98e+6 rows=39.8e+6) (actual time=561..561 rows=85 loops=1)
    -> Filter: (s.concert_id = 1)  (cost=202 rows=200) (actual time=0.211..0.531 rows=85 loops=1)
        -> Table scan on s  (cost=202 rows=2000) (actual time=0.197..0.472 rows=2000 loops=1)
    -> Single-row index lookup on <subquery2> using <auto_distinct_key> (schedule_id=s.id)  (cost=224521..224521 rows=1) (actual time=6.6..6.6 rows=1 loops=85)
        -> Materialize with deduplication  (cost=224521..224521 rows=199215) (actual time=561..561 rows=2000 loops=1)
            -> Filter: (cs.status = 'AVAILABLE')  (cost=204600 rows=199215) (actual time=0.609..396 rows=1.78e+6 loops=1)
                -> Table scan on cs  (cost=204600 rows=1.99e+6) (actual time=0.604..254 rows=2e+6 loops=1)

# 후
-> Nested loop semijoin  (cost=4055 rows=35272) (actual time=0.166..1.68 rows=94 loops=1)
    -> Index lookup on s using idx_concert_schedules_concert_id (concert_id=1)  (cost=15.4 rows=94) (actual time=0.145..0.159 rows=94 loops=1)
    -> Covering index lookup on cs using idx_concert_seats_schedule_status (schedule_id=s.id, status='AVAILABLE')  (cost=2197 rows=375) (actual time=0.016..0.016 rows=1 loops=94)
```

| 항목                       | 인덱스 미적용                                                                     | 인덱스 적용                                                                |
|--------------------------|-----------------------------------------------------------------------------|-----------------------------------------------------------------------|
| **총 실행 시간**              | `actual time=561ms`                                                         | `actual time=1.68ms`                                                  |
| **쿼리 전략**                | `Nested loop inner join`                                                    | `Nested loop semijoin`                                                |
| **concert_schedules 접근** | `Table scan on s` (rows=2000)                                               | `Index lookup on s using idx_concert_schedules_concert_id` (rows=94)  |
| **concert_seats 접근**     | `Table scan on cs` → Filter → Materialize with deduplication                | `Covering index lookup on cs using idx_concert_seats_schedule_status` |
| **cs 처리 row 수**          | `1.78M` rows 처리                                                             | loop 당 1 row 처리 (총 94 loops)                                          |
| **중복 제거**                | `Materialize with deduplication` 포함                                         | 없음 (index lookup으로 해결)                                                |
| **추가 연산 비용**             | `Single-row index lookup`, `materialize`, `deduplication`, `full scan` 등 있음 | 단순 index 탐색만 수행                                                       |
| **성능 개선율**               | -                                                                           | **약 99.7% 개선 (560ms → 1.68ms)**                                       |

#### 🔍 결과

```log
# 인덱스 없이 조회한 결과 로그(처리 소요 시간: 0.586ms)
server1-1 | 2025-07-31T14:11:13.713Z  INFO 1 --- [hhplus] [nio-8080-exec-6] k.h.b.s.c.a.service.ConcertService : {"startedAt":1753971073127,"method":"getAvailableDates()","endedAt":1753971073713,"timeTaken":586}
```

```sql
-- ➕ 인덱스 추가
CREATE INDEX idx_concert_schedules_concert_id ON concert_schedules (concert_id);
CREATE INDEX idx_concert_seats_schedule_status ON concert_seats (schedule_id, status);
```

```log
# 인덱스 추가 후 조회한 결과 로그(처리 소용 시간: 0.021ms)
server2-1 | 2025-07-31T14:28:33.006Z  INFO 1 --- [hhplus] [nio-8080-exec-10] k.h.b.s.c.a.service.ConcertService : {"startedAt":1753972112985,"method":"getAvailableDates()","endedAt":1753972113006,"timeTaken":21}
```

> 🔥 쿼리 응답 시간이 0.586ms에서 0.21ms로 약 64% 개선

### 콘서트 예약 가능 좌석 조회

#### ✅ 콘서트 스케쥴 조회(concertId, date)

```sql
/*
💡쿼리만 봐서는 감이 잘 안잡힌다. 별로 느리진 않을것 같다.
*/
select cse1_0.id,
       cse1_0.concert_id,
       cse1_0.created_at,
       cse1_0.date,
       cse1_0.updated_at
from concert_schedules cse1_0
where cse1_0.concert_id = ?
  and cse1_0.date = ?;
```

#### 🎯 실행 계획

```text
-> Filter: (cse1_0.`date` = DATE'2026-03-21')  (cost=6.94 rows=9.4) (actual time=0.0983..0.0995 rows=1 loops=1)
    -> Index lookup on cse1_0 using idx_concert_schedules_concert_id (concert_id=1)  (cost=6.94 rows=94) (actual time=0.08..0.0859 rows=94 loops=1)
```

> ❌ 실행 계획을 보니 인덱스는 필요 없을것 같다.

#### ✅ 예약 가능 좌석 조회(multi join)

```sql
select cse1_0.id,
       se1_0.number,
       se1_0.price,
       cse1_0.status
from concert_seats cse1_0
         join
     seats se1_0
     on cse1_0.seat_id = se1_0.id
         join
     concert_schedules cse2_0
     on cse1_0.schedule_id = cse2_0.id
where cse2_0.concert_id = ?
  and cse1_0.status = 'AVAILABLE';
```

#### 🎯 실행 계획

```text
-> Nested loop inner join  (cost=45423 rows=35272) (actual time=0.142..497 rows=83854 loops=1)
    -> Nested loop inner join  (cost=33078 rows=35272) (actual time=0.127..452 rows=83854 loops=1)
        -> Covering index lookup on cse2_0 using idx_concert_schedules_concert_id (concert_id=1)  (cost=10.6 rows=94) (actual time=0.0233..0.0755 rows=94 loops=1)
        -> Index lookup on cse1_0 using idx_concert_seats_schedule_status (schedule_id=cse2_0.id, status='AVAILABLE')  (cost=315 rows=375) (actual time=0.196..4.77 rows=892 loops=94)
    -> Single-row index lookup on se1_0 using PRIMARY (id=cse1_0.seat_id)  (cost=0.25 rows=1) (actual time=434e-6..451e-6 rows=1 loops=83854)
```

> ❌ 다중 조인이라 느린것 같은데 이전에 만들어둔 인덱스가 타지면서, 크게 느린 모습은 볼 수 없었다.
>> 다만 해당 쿼리는 불필요한 join 이 있고 테스트 데이터 특성상 데이터 분포가 한쪽으로 치우쳤을 가능성도 있기 때문에 join 을 없애는 방향으로 개선이 필요할것 같다.

```log
# 결과 로그(처리 소요 시간: 0.035ms)
server1-1 | 2025-07-31T14:53:22.249Z  INFO 1 --- [hhplus] [nio-8080-exec-8] k.h.b.s.c.a.service.ConcertService : {"startedAt":1753973602214,"method":"getAvailableSeats()","endedAt":1753973602249,"timeTaken":35}
```

### 포인트 충전

#### ✅ 유저 조회

```sql
select ue1_0.id
from users ue1_0
where ue1_0.user_id = ?
limit ?;
```

#### ✅ 유저 포인트 지갑 조회

```sql
select pwe1_0.id,
       pwe1_0.balance,
       pwe1_0.created_at,
       pwe1_0.updated_at,
       pwe1_0.user_id
from point_wallets pwe1_0
where pwe1_0.user_id = ?;
```

#### ✅ 유저 포인트 지갑 업데이트

```sql
update
    point_wallets
set balance=?,
    updated_at=?,
    user_id=?
where id = ?;
```

> ❌ 3개 쿼리 모두 별 다른 최적화가 필요해 보이지 않는다.

```log
# 결과 로그(처리 소요 시간: 0.055ms)
server1-1 | 2025-07-31T15:11:26.750Z  INFO 1 --- [hhplus] [io-8080-exec-10] k.h.b.s.p.a.service.PointWalletService : {"startedAt":1753974686695,"method":"chargePoint()","endedAt":1753974686750,"timeTaken":55}
```

### 대기열 토큰 발급

#### ✅ 활성 토큰 보유 유무 확인

```sql
/*
💡뭔가 쿼리만 보면 그리 느리지 않을것 같은데..
*/
select qte1_0.id
from queue_tokens qte1_0
where qte1_0.user_id = ?
  and qte1_0.status = ?
limit ?;
```

#### 🎯 실행 계획

```text
-> Limit: 1 row(s)  (cost=20274 rows=1) (actual time=147..147 rows=0 loops=1)
    -> Filter: ((qte1_0.`status` = 'WAITING') and (qte1_0.user_id = 'b2c43e36-7ed0-4914-bf80-9ca674ba1554'))  (cost=20274 rows=1985) (actual time=147..147 rows=0 loops=1)
        -> Table scan on qte1_0  (cost=20274 rows=198492) (actual time=0.132..128 rows=200000 loops=1)
```

> Limit 이 있어 별로 느리지 않을것 같은 쿼리였는데 실행계획을 보니 풀스캔을 하고있다..

```sql
-- ➕ 인덱스 추가
CREATE INDEX idx_queue_tokens_user_status ON queue_tokens(user_id, status);
```

#### 🎯 인덱스 적용 전, 후 실행 계획 비교
```text
# 전
-> Limit: 1 row(s)  (cost=20274 rows=1) (actual time=147..147 rows=0 loops=1)
    -> Filter: ((qte1_0.`status` = 'WAITING') and (qte1_0.user_id = 'b2c43e36-7ed0-4914-bf80-9ca674ba1554'))  (cost=20274 rows=1985) (actual time=147..147 rows=0 loops=1)
        -> Table scan on qte1_0  (cost=20274 rows=198492) (actual time=0.132..128 rows=200000 loops=1)

# 후
-> Limit: 1 row(s)  (cost=1.1 rows=1) (actual time=0.0271..0.0271 rows=1 loops=1)
    -> Covering index lookup on qte1_0 using idx_queue_tokens_user_status (user_id='a0da4c19-13d6-4899-8e77-66d87f357134', status='WAITING')  (cost=1.1 rows=1) (actual time=0.0165..0.0165 rows=1 loops=1)
```

> 풀스캔을 하던 쿼리가 인덱스 추가 이후 커버링 인덱스가 적용되면서 rows 개수가 엄청나게 줄어든걸 볼 수 있다.

#### ✅ 현재 순번 + 1 값 조회

```sql
/*
💡queue_number 가 pk 아니기 때문에 풀스캔이 발생할것 같다.
*/
SELECT COALESCE(MAX(queue_number), 0) + 1
FROM queue_tokens;
```

```sql
-- ➕ 인덱스 추가
CREATE INDEX idx_queue_tokens_queue_number ON queue_tokens(queue_number);
```

#### 🎯 인덱스 적용 전, 후 실행 계획 비교

```text
# 전
-> Aggregate: max(queue_tokens.queue_number)  (cost=40123 rows=1) (actual time=50.4..50.4 rows=1 loops=1)
    -> Table scan on queue_tokens  (cost=20274 rows=198492) (actual time=0.284..39.1 rows=200000 loops=1)

# 후
-> Rows fetched before execution  (cost=0..0 rows=1) (actual time=83e-6..125e-6 rows=1 loops=1)
```

> 인덱스 추가전에는 예상처럼 풀스캔이 발생하고 있다.  
> 인덱스 추가 후에는 Index Only Scan 으로 매우 적은 비용으로 조회를 할 수 있으며, 아마 B-Tree 인덱스의 가장 마지막 값만 조회 되는것 같다.

### 대기열 토큰 조회

#### ✅ 대기열 토큰 조회

```sql
/*
💡user_id 조건에 대한 인덱스가 필요할것 같다.
*/
select qte1_0.id,
       qte1_0.created_at,
       qte1_0.expires_at,
       qte1_0.queue_number,
       qte1_0.status,
       qte1_0.token,
       qte1_0.updated_at,
       qte1_0.user_id
from queue_tokens qte1_0
where qte1_0.user_id = ?;
```

```sql
-- ➕ 인덱스 추가
CREATE INDEX idx_queue_tokens_user_id ON queue_tokens(user_id);
```

#### 🎯 인덱스 적용 전, 후 실행 계획 비교

```text
# 전
-> Filter: (qte1_0.user_id = 'b2c43e36-7ed0-4914-bf80-9ca674ba1554')  (cost=20274 rows=19849) (actual time=0.171..72.7 rows=1 loops=1)
    -> Table scan on qte1_0  (cost=20274 rows=198492) (actual time=0.165..64 rows=200000 loops=1)

# 후
-> Index lookup on qte1_0 using idx_queue_tokens_user_status (user_id='b2c43e36-7ed0-4914-bf80-9ca674ba1554')  (cost=0.35 rows=1) (actual time=0.0129..0.0129 rows=0 loops=1)
```

> 인덱스 추가 전에는 풀스캔이 발생하던 쿼리가, 인덱스 추가 이후에는 탐색하는 rows가 매우 줄어든걸 볼 수 있다.

#### ✅ 순번 검증

```sql
/*
💡제일 걱정되는 쿼리.. 서브 쿼리에 MAX 까지 사용하고 있다. 나름 쿼리로 최적화를 하려 했는데 쉽지 않은것 같다.
*/
SELECT MAX(queue_number)
FROM (SELECT queue_number
      FROM queue_tokens
      WHERE status = 'WAITING'
        AND expires_at > NOW()
      ORDER BY queue_number ASC
      LIMIT 10) AS allowed;
```

```log
# 인덱스 추가 전 로그
server1-1 | 2025-07-31T17:24:25.284Z  INFO 1 --- [hhplus] [nio-8080-exec-6] k.h.b.s.q.a.service.EntryQueueService : {"startedAt":1753982665073,"method":"createEntryQueueToken()","endedAt":1753982665279,"timeTaken":206}
```

```sql
-- ➕ 인덱스 추가
CREATE INDEX idx_queue_status_expires_queue ON queue_tokens (status, expires_at, queue_number);
```

#### 🎯 인덱스 적용 전, 후 실행 계획 비교

```text
# 전
-> Aggregate: max(allowed.queue_number)  (cost=18955..18955 rows=1) (actual time=65.5..65.5 rows=1 loops=1)
    -> Table scan on allowed  (cost=18952..18954 rows=10) (actual time=65.5..65.5 rows=10 loops=1)
        -> Materialize  (cost=18952..18952 rows=10) (actual time=65.5..65.5 rows=10 loops=1)
            -> Limit: 10 row(s)  (cost=18951 rows=10) (actual time=65.4..65.4 rows=10 loops=1)
                -> Sort: queue_tokens.queue_number, limit input to 10 row(s) per chunk  (cost=18951 rows=198492) (actual time=65.4..65.4 rows=10 loops=1)
                    -> Filter: ((queue_tokens.`status` = 'WAITING') and (queue_tokens.expires_at > <cache>(now())))  (cost=18951 rows=198492) (actual time=0.104..63.1 rows=34161 loops=1)
                        -> Table scan on queue_tokens  (cost=18951 rows=198492) (actual time=0.088..39.4 rows=200000 loops=1)

# 후
-> Aggregate: max(allowed.queue_number)  (cost=5.69..5.69 rows=1) (actual time=0.507..0.507 rows=1 loops=1)
    -> Table scan on allowed  (cost=2.36..4.7 rows=9.86) (actual time=0.5..0.501 rows=10 loops=1)
        -> Materialize  (cost=2.09..2.09 rows=9.86) (actual time=0.497..0.497 rows=10 loops=1)
            -> Limit: 10 row(s)  (cost=1.1 rows=9.86) (actual time=0.0693..0.479 rows=10 loops=1)
                -> Filter: ((queue_tokens.`status` = 'WAITING') and (queue_tokens.expires_at > <cache>(now())))  (cost=1.1 rows=9.86) (actual time=0.0682..0.478 rows=10 loops=1)
                    -> Index scan on queue_tokens using idx_queue_tokens_queue_number  (cost=1.1 rows=51) (actual time=0.0481..0.44 rows=104 loops=1)
```

> 인덱스 전용 전에는 풀스캔을 하던 쿼리가 인덱스 스캔으로 변경되었다.  
> rows 수가 많이 줄어들었다. 여기서 쿼리를 어떻게 하면 더 최적화 시킬 수 있을지 조금 궁금하긴 하다. 이 부분은 좀 더 공부해도 좋을것 같은데  
> 사실 대기열 관련된 부분은 추후에 redis 또는 kafka 로 옮길 예정이기 때문에 지금은 여기까지만 하고 넘어가는게 좋을것 같기도 하다.


```log
# 인덱스 추가 후 로그
server2-1 | 2025-07-31T17:24:51.649Z  INFO 1 --- [hhplus] [nio-8081-exec-5] k.h.b.s.q.a.service.EntryQueueService : {"startedAt":1753982691481,"method":"createEntryQueueToken()","endedAt":1753982691644,"timeTaken":163}
```

> 생각보다.. 성능적으로는 차이가 별로 없는것같다. 실행 계획에서는 엄청난 차이를 보인것 같은데 막상 직접 사용해보니 데이터가 적어서 그런지 큰 차이는 없었다.

### 예약 생성

#### ✅ 콘서트 좌석 조회

```sql
select cse1_0.id,
       cse1_0.created_at,
       cse1_0.schedule_id,
       cse1_0.seat_id,
       cse1_0.status,
       cse1_0.updated_at
from concert_seats cse1_0
where cse1_0.id = ?;
```

#### ✅ 콘서트 스케쥴 조회(PK)

```sql
select cse1_0.id,
       cse1_0.concert_id,
       cse1_0.created_at,
       cse1_0.date,
       cse1_0.updated_at
from concert_schedules cse1_0
where cse1_0.id = ?;
```

#### ✅ 좌석 조회

```sql
select se1_0.id,
       se1_0.created_at,
       se1_0.number,
       se1_0.price,
       se1_0.updated_at
from seats se1_0
where se1_0.id = ?;
```

#### ✅ 콘서트 좌석 상태 업데이트

```sql
update
    concert_seats
set schedule_id=?,
    seat_id=?,
    status=?,
    updated_at=?
where id = ?;
```

> ❌ 4개 쿼리 모두 별 다른 최적화가 필요해 보이지 않는다.(PK 를 통한 조회)

```log
# 결과 로그(처리 소요 시간: 0.045ms)
server1-1 | 2025-07-31T15:21:07.173Z  INFO 1 --- [hhplus] [nio-8080-exec-1] k.h.b.s.q.adapter.web.QueueAccessAspect : {"startedAt":1753975267128,"method":"validateQueueAccess()","joinPoint":"makeReservation","endedAt":1753975267173,"timeTaken":45}
```

### 결제

#### ✅ 예약 목록 조회

```sql
select re1_0.id,
       re1_0.concert_id,
       re1_0.concert_seat_id,
       re1_0.confirmed_at,
       re1_0.created_at,
       re1_0.expires_at,
       re1_0.payment_id,
       re1_0.reserved_at,
       re1_0.status,
       re1_0.updated_at,
       re1_0.user_id
from reservations re1_0
where re1_0.user_id = ?;
```

#### ✅ 결제 목록 조회

```sql
select pe1_0.id,
       pe1_0.created_at,
       pe1_0.paid_at,
       pe1_0.price,
       pe1_0.status,
       pe1_0.updated_at,
       pe1_0.user_id
from payments pe1_0
where pe1_0.id in (?);
```

#### ✅ 포인트 조회

```sql
select pwe1_0.id,
       pwe1_0.balance,
       pwe1_0.created_at,
       pwe1_0.updated_at,
       pwe1_0.user_id
from point_wallets pwe1_0
where pwe1_0.user_id = ?;
```

#### ✅ 대기열 토큰 조회

```sql
select qte1_0.id,
       qte1_0.created_at,
       qte1_0.expires_at,
       qte1_0.queue_number,
       qte1_0.status,
       qte1_0.token,
       qte1_0.updated_at,
       qte1_0.user_id
from queue_tokens qte1_0
where qte1_0.user_id = ?;
```

#### ✅ 좌석 점유 제거

```sql
delete she1_0
from seat_holds she1_0
where she1_0.id in (?);
```

#### ✅ 예약 상태 업데이트

```sql
update
    reservations
set concert_id=?,
    concert_seat_id=?,
    confirmed_at=?,
    expires_at=?,
    payment_id=?,
    reserved_at=?,
    status=?,
    updated_at=?,
    user_id=?
where id = ?;
```

#### ✅ 결제 상태 업데이트

```sql
update
    payments
set paid_at=?,
    price=?,
    status=?,
    updated_at=?,
    user_id=?
where id = ?;
```

#### ✅ 콘서트 좌석 상태 업데이트

```sql
update
    concert_seats
set schedule_id=?,
    seat_id=?,
    status=?,
    updated_at=?
where id = ?;
```

#### ✅ 토큰 상태 업데이트

```sql
update
    queue_tokens
set expires_at=?,
    queue_number=?,
    status=?,
    token=?,
    updated_at=?,
    user_id=?
where id = ?;
```

> ❌ 쿼리 모두 별 다른 최적화가 필요해 보이지 않는다.(PK 를 통한 조회)

```log
# 결과 로그(처리 소요 시간: 0.201ms)
server1-1 | 2025-07-31T14:12:39.347Z  INFO 1 --- [hhplus] [nio-8080-exec-7] k.h.b.s.q.adapter.web.QueueAccessAspect : {"startedAt":1753971159146,"method":"validateQueueAccess()","joinPoint":"payWithPoints","endedAt":1753971159347,"timeTaken":201}
```

### 예약 만료

#### ✅ 예약 조회(between)

```sql
/*
💡예약 테이블의 데이터가 쌓일수록 쿼리가 매우 느려질것 같다.
*/
select re1_0.id,
       re1_0.concert_id,
       re1_0.concert_seat_id,
       re1_0.confirmed_at,
       re1_0.created_at,
       re1_0.expires_at,
       re1_0.payment_id,
       re1_0.reserved_at,
       re1_0.status,
       re1_0.updated_at,
       re1_0.user_id
from reservations re1_0
where re1_0.reserved_at between ? and ?
  and re1_0.status = ?;
```

```sql
-- ➕ 인덱스 추가
CREATE INDEX idx_reservations_status_reserved_at ON reservations (status, reserved_at);
```

#### 🎯 인덱스 적용 전, 후 실행 계획 비교

```text
# 전
-> Filter: ((re1_0.`status` = 'IN_PROGRESS') and (re1_0.reserved_at between '2025-07-31 16:12:01' and '2025-07-31 16:12:05'))  (cost=40587 rows=4418) (actual time=0.901..212 rows=55591 loops=1)
    -> Table scan on re1_0  (cost=40587 rows=397631) (actual time=0.865..177 rows=400000 loops=1)
   
# 후
-> Filter: ((re1_0.`status` = 'IN_PROGRESS') and (re1_0.reserved_at between '2025-07-31 16:12:01' and '2025-07-31 16:12:05'))  (cost=40510 rows=116740) (actual time=0.956..194 rows=55888 loops=1)
    -> Table scan on re1_0  (cost=40510 rows=397322) (actual time=0.94..156 rows=400000 loops=1)
```

> 예상과는 전혀 다르게 인덱스를 추가 해도 여전히 풀스캔이 발생하고 있는 모습. 옵티마이저가 내가 추가한 인덱스가 별 도움이 안된다고 판단한 모양이다.  
> 이건 사실 쿼리에 문제가 있다. SELECT 모든 컬럼을 넣을 필요가 없는데 모두 넣고 있어서 커버링 인덱스도 힘든 상황  
> 로직상 모든 컬럼 데이터가 필요가 없는데 이건 Projection 등을 사용해서 SELECT 컬럼 수를 제한하고 커버링 인덱스를 적용시키면 개선될것 같다.

```sql
/*
💡조금 전 생성한 인덱스로 커버링 인덱스를 탈 수 있도록 SELECT 컬럼 개수 제한
*/
SELECT re1_0.status, re1_0.reserved_at
FROM reservations re1_0
WHERE re1_0.status = 'IN_PROGRESS'
  AND re1_0.reserved_at BETWEEN '2025-07-31 16:12:01' AND '2025-07-31 16:12:05';
```

```text
-> Filter: ((re1_0.`status` = 'IN_PROGRESS') and (re1_0.reserved_at between '2025-07-31 16:12:01' and '2025-07-31 16:12:05'))  (cost=24676 rows=116740) (actual time=0.596..42.2 rows=55888 loops=1)
    -> Covering index range scan on re1_0 using idx_reservations_status_reserved_at over (status = 'IN_PROGRESS' AND '2025-07-31 16:12:01' <= reserved_at <= '2025-07-31 16:12:05')  (cost=24676 rows=116740) (actual time=0.556..16.1 rows=55888 loops=1)
```

> 다시 실행 계획을 살펴보면 커버링 인덱스를 타는걸 볼 수 있다. 왜 SELECT * 를 사용하면 안되는지 알수있는 부분이다.

#### ✅ 예약 상태 업데이트

```sql
UPDATE reservations
SET status = :status
WHERE id IN (:ids)
  AND status = 'IN_PROGRESS';
```

> ❌ 별 다른 최적화가 필요해 보이지 않는다.(PK 를 통한 조회), status 를 포함한 복합 인덱스를 만들어도 되지만 성능적으로 이점이 매우 적을것으로 예상됨  
> 아래 비슷한 쿼리도 마찬가지로 속도가 너무 느리거나 ids 의 크기가 너무 큰 경우 청크 처리할 수 있도록 추가 하는편이 좋을것 같다.

#### ✅ 결제 상태 업데이트

```sql
UPDATE payments
SET status = :status
WHERE id IN (:ids)
  AND status = 'PENDING';
```

> ❌ 별 다른 최적화가 필요해 보이지 않는다.(PK 를 통한 조회)

#### ✅ 좌석 점유 삭제

```sql
DELETE
FROM seat_holds
WHERE concert_seat_id IN (:concertSeatIds);
```

> ❌ 해당 테이블은 데이터를 많이 저장하지도 않고, 추후에 Redis 로 옮기는 편이 좋을것 같다. 지금은 별 다른 최적화가 필요 없을것 같다.

#### ✅ 콘서트 좌석 상태 변경

```sql
UPDATE concert_seats
SET status = :status
WHERE id IN (:ids)
  AND status = 'HELD';
```

> ❌ 별 다른 최적화가 필요해 보이지 않는다.(PK 를 통한 조회)
